make all -f /home/pi/matrix/utils/Makefile --print-data-base --no-builtin-variables --no-builtin-rules --question
make: *** No rule to make target 'led-image-viewer.cc', needed by 'led-image-viewer.o'.  Stop.

# GNU Make 4.3
# Built for arm-unknown-linux-gnueabihf
# Copyright (C) 1988-2020 Free Software Foundation, Inc.
# License GPLv3+: GNU GPL version 3 or later <http://gnu.org/licenses/gpl.html>
# This is free software: you are free to change and redistribute it.
# There is NO WARRANTY, to the extent permitted by law.

# Make data base, printed on Tue Apr  5 18:06:55 2022

# Variables

# environment
LC_ALL = C
# environment
NO_AT_BRIDGE = 1
# makefile (from '/home/pi/matrix/utils/Makefile', line 11)
RGB_INCDIR = $(RGB_LIB_DISTRIBUTION)/include
# makefile (from '/home/pi/matrix/utils/Makefile', line 15)
RGB_LDFLAGS = -L$(RGB_LIBDIR) -l$(RGB_LIBRARY_NAME) -lrt -lm -lpthread
# environment
VSCODE_CWD = /home/pi
# makefile (from '/home/pi/matrix/utils/Makefile', line 16)
LIBS = -lwiringPi
# environment
NVM_DIR = /home/pi/.nvm
# environment
TEXTDOMAIN = Linux-PAM
# default
MAKE_COMMAND := make
# automatic
@D = $(patsubst %/,%,$(dir $@))
# environment
VSCODE_HANDLES_UNCAUGHT_ERRORS = true
# default
.VARIABLES := 
# environment
PWD = /home/pi/matrix
# makefile (from '/home/pi/matrix/utils/Makefile', line 22)
AV_LDFLAGS = $(shell pkg-config --cflags --libs  libavcodec libavformat libswscale libavutil)
# automatic
%D = $(patsubst %/,%,$(dir $%))
# automatic
^D = $(patsubst %/,%,$(dir $^))
# environment
VSCODE_LOG_STACK = false
# automatic
%F = $(notdir $%)
# environment
LANG = C
# default
.LOADED := 
# default
.INCLUDE_DIRS = /usr/local/include /usr/include /usr/include
# makefile
MAKEFLAGS = pqrR
# makefile
CURDIR := /home/pi/matrix
# environment
VSCODE_PIPE_LOGGING = true
# environment
APPLICATION_INSIGHTS_NO_DIAGNOSTIC_CHANNEL = true
# automatic
*D = $(patsubst %/,%,$(dir $*))
# environment
MFLAGS = -pqrR
# default
.SHELLFLAGS := -c
# automatic
+D = $(patsubst %/,%,$(dir $+))
# makefile (from '/home/pi/matrix/utils/Makefile', line 1)
MAKEFILE_LIST := /home/pi/matrix/utils/Makefile
# automatic
@F = $(notdir $@)
# makefile (from '/home/pi/matrix/utils/Makefile', line 21)
AV_CXXFLAGS = $(shell pkg-config --cflags  libavcodec libavformat libswscale libavutil)
# environment
VSCODE_VERBOSE_LOGGING = true
# environment
XDG_SESSION_TYPE = tty
# automatic
?D = $(patsubst %/,%,$(dir $?))
# automatic
*F = $(notdir $*)
# automatic
<D = $(patsubst %/,%,$(dir $<))
# makefile (from '/home/pi/matrix/utils/Makefile', line 12)
RGB_LIBDIR = $(RGB_LIB_DISTRIBUTION)/lib
# makefile (from '/home/pi/matrix/utils/Makefile', line 6)
OPTIONAL_BINARIES = video-viewer
# environment
VSCODE_NLS_CONFIG = {"locale":"en","availableLanguages":{}}
# default
MAKE_HOST := arm-unknown-linux-gnueabihf
# makefile
SHELL = /bin/sh
# default
MAKECMDGOALS := all
# environment
SHLVL = 0
# environment
MAKELEVEL := 0
# makefile (from '/home/pi/matrix/utils/Makefile', line 20)
MAGICK_LDFLAGS = $(shell GraphicsMagick++-config --ldflags --libs)
# default
MAKE = $(MAKE_COMMAND)
# makefile (from '/home/pi/matrix/utils/Makefile', line 14)
RGB_LIBRARY = $(RGB_LIBDIR)/lib$(RGB_LIBRARY_NAME).a
# environment
PATH = /home/pi/.vscode-server/bin/c722ca6c7eed3d7987c0d5c3df5c45f6b15e77d1/bin/remote-cli:/usr/local/sbin:/usr/local/bin:/usr/sbin:/usr/bin:/sbin:/bin:/usr/local/games:/usr/games
# default
MAKEFILES := 
# environment
MOTD_SHOWN = pam
# automatic
^F = $(notdir $^)
# makefile (from '/home/pi/matrix/utils/Makefile', line 3)
BINARIES = led-image-viewer
# environment
SSH_CLIENT = 192.168.137.1 55213 22
# environment
VSCODE_LOG_NATIVE = false
# automatic
?F = $(notdir $?)
# environment
LS_COLORS = 
# automatic
+F = $(notdir $+)
# makefile (from '/home/pi/matrix/utils/Makefile', line 2)
OBJECTS = led-image-viewer.o
# 'override' directive
GNUMAKEFLAGS := 
# environment
BROWSER = /home/pi/.vscode-server/bin/c722ca6c7eed3d7987c0d5c3df5c45f6b15e77d1/bin/helpers/browser.sh
# makefile (from '/home/pi/matrix/utils/Makefile', line 10)
RGB_LIB_DISTRIBUTION = ..
# environment
LOGNAME = pi
# makefile
.DEFAULT_GOAL := simple
# makefile (from '/home/pi/matrix/utils/Makefile', line 5)
OPTIONAL_OBJECTS = video-viewer.o
# environment
USER = pi
# default
MAKE_VERSION := 4.3
# environment
VSCODE_EXTHOST_WILL_SEND_SOCKET = true
# environment
VSCODE_AGENT_FOLDER = /home/pi/.vscode-server
# environment
_ = /home/pi/.vscode-server/bin/c722ca6c7eed3d7987c0d5c3df5c45f6b15e77d1/node
# environment
XDG_RUNTIME_DIR = /run/user/1000
# makefile (from '/home/pi/matrix/utils/Makefile', line 13)
RGB_LIBRARY_NAME = rgbmatrix
# environment
NVM_RC_VERSION = 
# environment
VSCODE_IPC_HOOK_CLI = /run/user/1000/vscode-ipc-ad625579-a741-4529-b5b9-3834c2817114.sock
# environment
NVM_CD_FLAGS = 
# environment
XDG_SESSION_CLASS = user
# environment
VSCODE_AMD_ENTRYPOINT = vs/workbench/api/node/extensionHostProcess
# environment
HOME = /home/pi
# environment
XDG_SESSION_ID = 1
# default
.RECIPEPREFIX := 
# automatic
<F = $(notdir $<)
# default
SUFFIXES := 
# makefile (from '/home/pi/matrix/utils/Makefile', line 1)
CXXFLAGS = -O3 -W -Wall -Wextra -Wno-unused-parameter -D_FILE_OFFSET_BITS=64
# makefile (from '/home/pi/matrix/utils/Makefile', line 19)
MAGICK_CXXFLAGS = $(shell GraphicsMagick++-config --cppflags --cxxflags)
# default
.FEATURES := target-specific order-only second-expansion else-if shortest-stem undefine oneshell nocomment grouped-target extra-prereqs archives jobserver output-sync check-symlink load
# environment
SSH_CONNECTION = 192.168.137.1 55213 192.168.137.194 22
# variable set hash-table stats:
# Load=86/1024=8%, Rehash=0, Collisions=2/130=2%

# Pattern-specific Variable Values

# No pattern-specific variable values.

# Directories


# No files, no impossibilities in 0 directories.

# Implicit Rules

%.o: %.cc
#  recipe to execute (from '/home/pi/matrix/utils/Makefile', line 38):
	$(CXX) -I$(RGB_INCDIR) $(CXXFLAGS) -c -o $@ $<

# 1 implicit rules, 0 (0.0%) terminal.
# Files

FORCE:
#  Phony target (prerequisite of .PHONY).
#  Implicit rule search has not been done.
#  File does not exist.
#  File has not been updated.

simple: led-image-viewer
#  Implicit rule search has not been done.
#  Modification time never checked.
#  File has not been updated.

led-image-viewer.o: led-image-viewer.cc
#  Implicit rule search has not been done.
#  File does not exist.
#  File has not been updated.
#  recipe to execute (from '/home/pi/matrix/utils/Makefile', line 41):
	$(CXX) -I$(RGB_INCDIR) $(CXXFLAGS) $(MAGICK_CXXFLAGS) -c -o $@ $<

led-image-viewer: led-image-viewer.o ../lib/librgbmatrix.a
#  Implicit rule search has not been done.
#  File does not exist.
#  File has not been updated.
#  recipe to execute (from '/home/pi/matrix/utils/Makefile', line 34):
	$(CXX) $(CXXFLAGS) led-image-viewer.o -o $@ $(LDFLAGS) $(RGB_LDFLAGS) $(MAGICK_LDFLAGS) -lwiringPi

# Not a target:
led-image-viewer.cc:
#  Implicit rule search has been done.
#  File does not exist.
#  File has not been updated.

clean:
#  Implicit rule search has not been done.
#  Modification time never checked.
#  File has not been updated.
#  recipe to execute (from '/home/pi/matrix/utils/Makefile', line 44):
	rm -f $(OBJECTS) $(BINARIES) $(OPTIONAL_OBJECTS) $(OPTIONAL_BINARIES)

# Not a target:
.DEFAULT:
#  Implicit rule search has not been done.
#  Modification time never checked.
#  File has not been updated.

all: led-image-viewer video-viewer
#  Command line target.
#  Implicit rule search has been done.
#  File does not exist.
#  File has not been updated.

# Not a target:
video-viewer:
#  Implicit rule search has not been done.
#  Modification time never checked.
#  File has not been updated.

# Not a target:
/home/pi/matrix/utils/Makefile:
#  Implicit rule search has been done.
#  Last modified 2022-03-16 18:47:16.749999691
#  File has been updated.
#  Successfully updated.

.PHONY: FORCE
#  Implicit rule search has not been done.
#  Modification time never checked.
#  File has not been updated.

../lib/librgbmatrix.a: FORCE
#  Implicit rule search has not been done.
#  Modification time never checked.
#  File has not been updated.
#  recipe to execute (from '/home/pi/matrix/utils/Makefile', line 30):
	$(MAKE) -C $(RGB_LIBDIR)

# files hash-table stats:
# Load=13/1024=1%, Rehash=0, Collisions=0/35=0%
# VPATH Search Paths

# No 'vpath' search paths.

# No general ('VPATH' variable) search path.

# strcache buffers: 1 (0) / strings = 17 / storage = 212 B / avg = 12 B
# current buf: size = 8174 B / used = 212 B / count = 17 / avg = 12 B

# strcache performance: lookups = 35 / hit rate = 51%
# hash-table stats:
 
# Load=17/8192=0%, Rehash=0, Collisions=0/35=0%
# Finished Make data base on Tue Apr  5 18:06:56 2022

 
